 Marker - 22 May 2015 15:41:29
Refresh: detecting if any assets need to be imported or removed ... Refresh: elapses 0.004243 seconds (Nothing changed)

Packing sprites:
- Repacking is not required. Check took 37.977684 ms.
Reloading assemblies for play mode.
Begin MonoManager ReloadAssembly
Platform assembly: /Applications/Unity/Unity.app/Contents/Frameworks/Managed/UnityEngine.dll (this message is harmless)
Platform assembly: /Applications/Unity/Unity.app/Contents/Frameworks/Managed/UnityEditor.dll (this message is harmless)
Platform assembly: /Applications/Unity/Unity.app/Contents/Frameworks/Managed/Unity.Locator.dll (this message is harmless)
Registering custom dll's ...
Register platform support module: /Applications/Unity/Unity.app/Contents/PlaybackEngines/AndroidPlayer/UnityEditor.Android.Extensions.dll
Register platform support module: /Applications/Unity/Unity.app/Contents/PlaybackEngines/iossupport/UnityEditor.iOS.Extensions.dll
Register platform support module: /Applications/Unity/Unity.app/Contents/PlaybackEngines/BlackBerryPlayer/UnityEditor.BB10.Extensions.dll
Register platform support module: /Applications/Unity/Unity.app/Contents/PlaybackEngines/STVPlayer/STVPlayer/UnityEditor.SamsungTV.Extensions.dll
Register platform support module: /Applications/Unity/Unity.app/Contents/PlaybackEngines/WebGLSupport/UnityEditor.WebGL.Extensions.dll
Register platform support module: /Applications/Unity/Unity.app/Contents/PlaybackEngines/LinuxStandaloneSupport/UnityEditor.LinuxStandalone.Extensions.dll
Register platform support module: /Applications/Unity/Unity.app/Contents/PlaybackEngines/WindowsStandaloneSupport/UnityEditor.WindowsStandalone.Extensions.dll
Register platform support module: /Applications/Unity/Unity.app/Contents/PlaybackEngines/MacStandaloneSupport/UnityEditor.OSXStandalone.Extensions.dll
Registered in 0.005794 seconds.
Non platform assembly: /Developer/repos/git/unityXamples/CognitoTimeouts/Library/ScriptAssemblies/Assembly-CSharp.dll (this message is harmless)
Loading /Developer/repos/git/unityXamples/CognitoTimeouts/Library/ScriptAssemblies/Assembly-CSharp.dll into Unity Child Domain
Non platform assembly: /Developer/repos/git/unityXamples/CognitoTimeouts/Library/ScriptAssemblies/Assembly-CSharp-Editor.dll (this message is harmless)
Loading /Developer/repos/git/unityXamples/CognitoTimeouts/Library/ScriptAssemblies/Assembly-CSharp-Editor.dll into Unity Child Domain
Platform assembly: /Applications/Unity/Unity.app/Contents/PackageManager/Unity/PackageManager/5.0.2/Unity.PackageManager.dll (this message is harmless)
Loading /Applications/Unity/Unity.app/Contents/PackageManager/Unity/PackageManager/5.0.2/Unity.PackageManager.dll into Unity Child Domain
Non platform assembly: /Applications/Unity/Unity.app/Contents/UnityExtensions/Unity/GUISystem/UnityEngine.UI.dll (this message is harmless)
Loading /Applications/Unity/Unity.app/Contents/UnityExtensions/Unity/GUISystem/UnityEngine.UI.dll into Unity Child Domain
Non platform assembly: /Applications/Unity/Unity.app/Contents/UnityExtensions/Unity/GUISystem/Editor/UnityEditor.UI.dll (this message is harmless)
Loading /Applications/Unity/Unity.app/Contents/UnityExtensions/Unity/GUISystem/Editor/UnityEditor.UI.dll into Unity Child Domain
Platform assembly: /Applications/Unity/Unity.app/Contents/Frameworks/Managed/UnityEditor.Graphs.dll (this message is harmless)
Loading /Applications/Unity/Unity.app/Contents/Frameworks/Managed/UnityEditor.Graphs.dll into Unity Child Domain
Platform assembly: /Applications/Unity/Unity.app/Contents/PlaybackEngines/AndroidPlayer/UnityEditor.Android.Extensions.dll (this message is harmless)
Loading /Applications/Unity/Unity.app/Contents/PlaybackEngines/AndroidPlayer/UnityEditor.Android.Extensions.dll into Unity Child Domain
Platform assembly: /Applications/Unity/Unity.app/Contents/PlaybackEngines/iossupport/UnityEditor.iOS.Extensions.dll (this message is harmless)
Loading /Applications/Unity/Unity.app/Contents/PlaybackEngines/iossupport/UnityEditor.iOS.Extensions.dll into Unity Child Domain
Platform assembly: /Applications/Unity/Unity.app/Contents/PlaybackEngines/BlackBerryPlayer/UnityEditor.BB10.Extensions.dll (this message is harmless)
Loading /Applications/Unity/Unity.app/Contents/PlaybackEngines/BlackBerryPlayer/UnityEditor.BB10.Extensions.dll into Unity Child Domain
Platform assembly: /Applications/Unity/Unity.app/Contents/PlaybackEngines/STVPlayer/STVPlayer/UnityEditor.SamsungTV.Extensions.dll (this message is harmless)
Loading /Applications/Unity/Unity.app/Contents/PlaybackEngines/STVPlayer/STVPlayer/UnityEditor.SamsungTV.Extensions.dll into Unity Child Domain
Platform assembly: /Applications/Unity/Unity.app/Contents/PlaybackEngines/WebGLSupport/UnityEditor.WebGL.Extensions.dll (this message is harmless)
Loading /Applications/Unity/Unity.app/Contents/PlaybackEngines/WebGLSupport/UnityEditor.WebGL.Extensions.dll into Unity Child Domain
Platform assembly: /Applications/Unity/Unity.app/Contents/PlaybackEngines/LinuxStandaloneSupport/UnityEditor.LinuxStandalone.Extensions.dll (this message is harmless)
Loading /Applications/Unity/Unity.app/Contents/PlaybackEngines/LinuxStandaloneSupport/UnityEditor.LinuxStandalone.Extensions.dll into Unity Child Domain
Platform assembly: /Applications/Unity/Unity.app/Contents/PlaybackEngines/WindowsStandaloneSupport/UnityEditor.WindowsStandalone.Extensions.dll (this message is harmless)
Loading /Applications/Unity/Unity.app/Contents/PlaybackEngines/WindowsStandaloneSupport/UnityEditor.WindowsStandalone.Extensions.dll into Unity Child Domain
Platform assembly: /Applications/Unity/Unity.app/Contents/PlaybackEngines/MacStandaloneSupport/UnityEditor.OSXStandalone.Extensions.dll (this message is harmless)
Loading /Applications/Unity/Unity.app/Contents/PlaybackEngines/MacStandaloneSupport/UnityEditor.OSXStandalone.Extensions.dll into Unity Child Domain
Platform assembly: /Applications/Unity/Unity.app/Contents/Frameworks/Managed/Unity.DataContract.dll (this message is harmless)
Platform assembly: /Applications/Unity/Unity.app/Contents/Frameworks/Mono/lib/mono/2.0/System.Core.dll (this message is harmless)
Platform assembly: /Applications/Unity/Unity.app/Contents/Frameworks/Managed/Unity.IvyParser.dll (this message is harmless)
Initializing Unity.PackageManager (PackageManager) v5.0.2 for Unity v5.0.2p2
Setting Android v5.0.2 for Unity v5.0.2p2 to /Applications/Unity/Unity.app/Contents/PlaybackEngines/AndroidPlayer
Setting BlackBerry v5.0.2 for Unity v5.0.2p2 to /Applications/Unity/Unity.app/Contents/PlaybackEngines/BlackBerryPlayer
Setting StandaloneLinux v5.0.2 for Unity v5.0.2p2 to /Applications/Unity/Unity.app/Contents/PlaybackEngines/LinuxStandaloneSupport
Setting StandaloneOSXIntel v5.0.2 for Unity v5.0.2p2 to /Applications/Unity/Unity.app/Contents/PlaybackEngines/MacStandaloneSupport
Setting SamsungTV v5.0.2 for Unity v5.0.2p2 to /Applications/Unity/Unity.app/Contents/PlaybackEngines/STVPlayer/STVPlayer
Setting WebGL v5.0.2 for Unity v5.0.2p2 to /Applications/Unity/Unity.app/Contents/PlaybackEngines/WebGLSupport
Setting StandaloneWindows v5.0.2 for Unity v5.0.2p2 to /Applications/Unity/Unity.app/Contents/PlaybackEngines/WindowsStandaloneSupport
Setting iOS v5.0.2 for Unity v5.0.2p2 to /Applications/Unity/Unity.app/Contents/PlaybackEngines/iossupport
Setting GUISystem v5.0.2 for Unity v5.0.2p2 to /Applications/Unity/Unity.app/Contents/UnityExtensions/Unity/GUISystem
Setting IL2CPP v0.10.1 for Unity v5.0.2p2 to /Applications/Unity/Unity.app/Contents/Frameworks/il2cpp
Platform assembly: /Applications/Unity/Unity.app/Contents/Frameworks/Mono/lib/mono/2.0/System.Xml.Linq.dll (this message is harmless)
Refreshing native plugins compatible for Editor in 0.10 ms, found 0 plugins.
Platform assembly: /Applications/Unity/Unity.app/Contents/Frameworks/Managed/Mono.Cecil.dll (this message is harmless)
Platform assembly: /Applications/Unity/Unity.app/Contents/Frameworks/Managed/Unity.SerializationLogic.dll (this message is harmless)
Platform assembly: /Applications/Unity/Unity.app/Contents/Frameworks/Mono/lib/mono/2.0/UnityScript.dll (this message is harmless)
Platform assembly: /Applications/Unity/Unity.app/Contents/Frameworks/Managed/ICSharpCode.NRefactory.dll (this message is harmless)
Platform assembly: /Applications/Unity/Unity.app/Contents/PlaybackEngines/iossupport/UnityEditor.iOS.Extensions.Xcode.dll (this message is harmless)
Refreshing native plugins compatible for Editor in 0.08 ms, found 0 plugins.

----- Total AssetImport time: 0.024875s, AssetImport time: 0.000000s, Asset hashing: 0.000000s [0 B, 0.000000 mb/s]

Mono: successfully reloaded assembly
- Completed reload, in  0.706 seconds
Registering platform support modules:
Platform assembly: /Applications/Unity/Unity.app/Contents/Frameworks/Mono/lib/mono/2.0/Boo.Lang.Compiler.dll (this message is harmless)
Platform assembly: /Applications/Unity/Unity.app/Contents/Frameworks/Mono/lib/mono/2.0/Boo.Lang.dll (this message is harmless)
Platform assembly: /Applications/Unity/Unity.app/Contents/Frameworks/Mono/lib/mono/2.0/Boo.Lang.Parser.dll (this message is harmless)
Platform assembly: /Applications/Unity/Unity.app/Contents/Frameworks/Mono/lib/mono/2.0/UnityScript.Lang.dll (this message is harmless)
Registered platform support modules in: 0.044157s.
Native extension for OSXStandalone target not found
Native extension for WindowsStandalone target not found
Native extension for LinuxStandalone target not found
Native extension for WebGL target not found
Native extension for SamsungTV target not found
Native extension for BlackBerry target not found
Native extension for Android target not found
make = 
UnityEngine.Debug:Internal_Log(Int32, String, Object)
UnityEngine.Debug:Log(Object)
Amazon.Runtime.Internal.Util.UnityDebugLogger:DebugFormat(String, Object[]) (at Assets/AWSSDK/src/Core/Amazon.Runtime/Internal/Util/_unity/UnityDebugLogger.cs:71)
Amazon.Runtime.Internal.Util.Logger:DebugFormat(String, Object[]) (at Assets/AWSSDK/src/Core/Amazon.Runtime/Internal/Util/Logger.cs:174)
Amazon.Util.Internal.AmazonHookedPlatformInfo:Init() (at Assets/AWSSDK/src/Core/Amazon.Util/_unity/AmazonHookedPlatformInfo.cs:329)
Amazon.Util.Internal.AmazonHookedPlatformInfo:get_Instance() (at Assets/AWSSDK/src/Core/Amazon.Util/_unity/AmazonHookedPlatformInfo.cs:179)
Amazon.UnityInitializer:Awake() (at Assets/AWSSDK/src/Core/_unity/UnityInitializer.cs:87)
 
(Filename: Assets/AWSSDK/src/Core/Amazon.Runtime/Internal/Util/_unity/UnityDebugLogger.cs Line: 71)

model = MacBookPro11,3
UnityEngine.Debug:Internal_Log(Int32, String, Object)
UnityEngine.Debug:Log(Object)
Amazon.Runtime.Internal.Util.UnityDebugLogger:DebugFormat(String, Object[]) (at Assets/AWSSDK/src/Core/Amazon.Runtime/Internal/Util/_unity/UnityDebugLogger.cs:71)
Amazon.Runtime.Internal.Util.Logger:DebugFormat(String, Object[]) (at Assets/AWSSDK/src/Core/Amazon.Runtime/Internal/Util/Logger.cs:174)
Amazon.Util.Internal.AmazonHookedPlatformInfo:Init() (at Assets/AWSSDK/src/Core/Amazon.Util/_unity/AmazonHookedPlatformInfo.cs:330)
Amazon.Util.Internal.AmazonHookedPlatformInfo:get_Instance() (at Assets/AWSSDK/src/Core/Amazon.Util/_unity/AmazonHookedPlatformInfo.cs:179)
Amazon.UnityInitializer:Awake() (at Assets/AWSSDK/src/Core/_unity/UnityInitializer.cs:87)
 
(Filename: Assets/AWSSDK/src/Core/Amazon.Runtime/Internal/Util/_unity/UnityDebugLogger.cs Line: 71)

platform version = Mac OS X 10.10.2
UnityEngine.Debug:Internal_Log(Int32, String, Object)
UnityEngine.Debug:Log(Object)
Amazon.Runtime.Internal.Util.UnityDebugLogger:DebugFormat(String, Object[]) (at Assets/AWSSDK/src/Core/Amazon.Runtime/Internal/Util/_unity/UnityDebugLogger.cs:71)
Amazon.Runtime.Internal.Util.Logger:DebugFormat(String, Object[]) (at Assets/AWSSDK/src/Core/Amazon.Runtime/Internal/Util/Logger.cs:174)
Amazon.Util.Internal.AmazonHookedPlatformInfo:Init() (at Assets/AWSSDK/src/Core/Amazon.Util/_unity/AmazonHookedPlatformInfo.cs:331)
Amazon.Util.Internal.AmazonHookedPlatformInfo:get_Instance() (at Assets/AWSSDK/src/Core/Amazon.Util/_unity/AmazonHookedPlatformInfo.cs:179)
Amazon.UnityInitializer:Awake() (at Assets/AWSSDK/src/Core/_unity/UnityInitializer.cs:87)
 
(Filename: Assets/AWSSDK/src/Core/Amazon.Runtime/Internal/Util/_unity/UnityDebugLogger.cs Line: 71)

locale = English
UnityEngine.Debug:Internal_Log(Int32, String, Object)
UnityEngine.Debug:Log(Object)
Amazon.Runtime.Internal.Util.UnityDebugLogger:DebugFormat(String, Object[]) (at Assets/AWSSDK/src/Core/Amazon.Runtime/Internal/Util/_unity/UnityDebugLogger.cs:71)
Amazon.Runtime.Internal.Util.Logger:DebugFormat(String, Object[]) (at Assets/AWSSDK/src/Core/Amazon.Runtime/Internal/Util/Logger.cs:174)
Amazon.Util.Internal.AmazonHookedPlatformInfo:Init() (at Assets/AWSSDK/src/Core/Amazon.Util/_unity/AmazonHookedPlatformInfo.cs:332)
Amazon.Util.Internal.AmazonHookedPlatformInfo:get_Instance() (at Assets/AWSSDK/src/Core/Amazon.Util/_unity/AmazonHookedPlatformInfo.cs:179)
Amazon.UnityInitializer:Awake() (at Assets/AWSSDK/src/Core/_unity/UnityInitializer.cs:87)
 
(Filename: Assets/AWSSDK/src/Core/Amazon.Runtime/Internal/Util/_unity/UnityDebugLogger.cs Line: 71)

Title = 
UnityEngine.Debug:Internal_Log(Int32, String, Object)
UnityEngine.Debug:Log(Object)
Amazon.Runtime.Internal.Util.UnityDebugLogger:DebugFormat(String, Object[]) (at Assets/AWSSDK/src/Core/Amazon.Runtime/Internal/Util/_unity/UnityDebugLogger.cs:71)
Amazon.Runtime.Internal.Util.Logger:DebugFormat(String, Object[]) (at Assets/AWSSDK/src/Core/Amazon.Runtime/Internal/Util/Logger.cs:174)
Amazon.Util.Internal.AmazonHookedPlatformInfo:Init() (at Assets/AWSSDK/src/Core/Amazon.Util/_unity/AmazonHookedPlatformInfo.cs:333)
Amazon.Util.Internal.AmazonHookedPlatformInfo:get_Instance() (at Assets/AWSSDK/src/Core/Amazon.Util/_unity/AmazonHookedPlatformInfo.cs:179)
Amazon.UnityInitializer:Awake() (at Assets/AWSSDK/src/Core/_unity/UnityInitializer.cs:87)
 
(Filename: Assets/AWSSDK/src/Core/Amazon.Runtime/Internal/Util/_unity/UnityDebugLogger.cs Line: 71)

Version Code = 
UnityEngine.Debug:Internal_Log(Int32, String, Object)
UnityEngine.Debug:Log(Object)
Amazon.Runtime.Internal.Util.UnityDebugLogger:DebugFormat(String, Object[]) (at Assets/AWSSDK/src/Core/Amazon.Runtime/Internal/Util/_unity/UnityDebugLogger.cs:71)
Amazon.Runtime.Internal.Util.Logger:DebugFormat(String, Object[]) (at Assets/AWSSDK/src/Core/Amazon.Runtime/Internal/Util/Logger.cs:174)
Amazon.Util.Internal.AmazonHookedPlatformInfo:Init() (at Assets/AWSSDK/src/Core/Amazon.Util/_unity/AmazonHookedPlatformInfo.cs:334)
Amazon.Util.Internal.AmazonHookedPlatformInfo:get_Instance() (at Assets/AWSSDK/src/Core/Amazon.Util/_unity/AmazonHookedPlatformInfo.cs:179)
Amazon.UnityInitializer:Awake() (at Assets/AWSSDK/src/Core/_unity/UnityInitializer.cs:87)
 
(Filename: Assets/AWSSDK/src/Core/Amazon.Runtime/Internal/Util/_unity/UnityDebugLogger.cs Line: 71)

Version Name = 
UnityEngine.Debug:Internal_Log(Int32, String, Object)
UnityEngine.Debug:Log(Object)
Amazon.Runtime.Internal.Util.UnityDebugLogger:DebugFormat(String, Object[]) (at Assets/AWSSDK/src/Core/Amazon.Runtime/Internal/Util/_unity/UnityDebugLogger.cs:71)
Amazon.Runtime.Internal.Util.Logger:DebugFormat(String, Object[]) (at Assets/AWSSDK/src/Core/Amazon.Runtime/Internal/Util/Logger.cs:174)
Amazon.Util.Internal.AmazonHookedPlatformInfo:Init() (at Assets/AWSSDK/src/Core/Amazon.Util/_unity/AmazonHookedPlatformInfo.cs:335)
Amazon.Util.Internal.AmazonHookedPlatformInfo:get_Instance() (at Assets/AWSSDK/src/Core/Amazon.Util/_unity/AmazonHookedPlatformInfo.cs:179)
Amazon.UnityInitializer:Awake() (at Assets/AWSSDK/src/Core/_unity/UnityInitializer.cs:87)
 
(Filename: Assets/AWSSDK/src/Core/Amazon.Runtime/Internal/Util/_unity/UnityDebugLogger.cs Line: 71)

Package Name = 
UnityEngine.Debug:Internal_Log(Int32, String, Object)
UnityEngine.Debug:Log(Object)
Amazon.Runtime.Internal.Util.UnityDebugLogger:DebugFormat(String, Object[]) (at Assets/AWSSDK/src/Core/Amazon.Runtime/Internal/Util/_unity/UnityDebugLogger.cs:71)
Amazon.Runtime.Internal.Util.Logger:DebugFormat(String, Object[]) (at Assets/AWSSDK/src/Core/Amazon.Runtime/Internal/Util/Logger.cs:174)
Amazon.Util.Internal.AmazonHookedPlatformInfo:Init() (at Assets/AWSSDK/src/Core/Amazon.Util/_unity/AmazonHookedPlatformInfo.cs:336)
Amazon.Util.Internal.AmazonHookedPlatformInfo:get_Instance() (at Assets/AWSSDK/src/Core/Amazon.Util/_unity/AmazonHookedPlatformInfo.cs:179)
Amazon.UnityInitializer:Awake() (at Assets/AWSSDK/src/Core/_unity/UnityInitializer.cs:87)
 
(Filename: Assets/AWSSDK/src/Core/Amazon.Runtime/Internal/Util/_unity/UnityDebugLogger.cs Line: 71)

make = 
UnityEngine.Debug:Internal_Log(Int32, String, Object)
UnityEngine.Debug:Log(Object)
Amazon.Runtime.Internal.Util.UnityDebugLogger:DebugFormat(String, Object[]) (at Assets/AWSSDK/src/Core/Amazon.Runtime/Internal/Util/_unity/UnityDebugLogger.cs:71)
Amazon.Runtime.Internal.Util.Logger:DebugFormat(String, Object[]) (at Assets/AWSSDK/src/Core/Amazon.Runtime/Internal/Util/Logger.cs:174)
Amazon.Util.Internal.AmazonHookedPlatformInfo:Init() (at Assets/AWSSDK/src/Core/Amazon.Util/_unity/AmazonHookedPlatformInfo.cs:329)
Amazon.UnityInitializer:Awake() (at Assets/AWSSDK/src/Core/_unity/UnityInitializer.cs:87)
 
(Filename: Assets/AWSSDK/src/Core/Amazon.Runtime/Internal/Util/_unity/UnityDebugLogger.cs Line: 71)

model = MacBookPro11,3
UnityEngine.Debug:Internal_Log(Int32, String, Object)
UnityEngine.Debug:Log(Object)
Amazon.Runtime.Internal.Util.UnityDebugLogger:DebugFormat(String, Object[]) (at Assets/AWSSDK/src/Core/Amazon.Runtime/Internal/Util/_unity/UnityDebugLogger.cs:71)
Amazon.Runtime.Internal.Util.Logger:DebugFormat(String, Object[]) (at Assets/AWSSDK/src/Core/Amazon.Runtime/Internal/Util/Logger.cs:174)
Amazon.Util.Internal.AmazonHookedPlatformInfo:Init() (at Assets/AWSSDK/src/Core/Amazon.Util/_unity/AmazonHookedPlatformInfo.cs:330)
Amazon.UnityInitializer:Awake() (at Assets/AWSSDK/src/Core/_unity/UnityInitializer.cs:87)
 
(Filename: Assets/AWSSDK/src/Core/Amazon.Runtime/Internal/Util/_unity/UnityDebugLogger.cs Line: 71)

platform version = Mac OS X 10.10.2
UnityEngine.Debug:Internal_Log(Int32, String, Object)
UnityEngine.Debug:Log(Object)
Amazon.Runtime.Internal.Util.UnityDebugLogger:DebugFormat(String, Object[]) (at Assets/AWSSDK/src/Core/Amazon.Runtime/Internal/Util/_unity/UnityDebugLogger.cs:71)
Amazon.Runtime.Internal.Util.Logger:DebugFormat(String, Object[]) (at Assets/AWSSDK/src/Core/Amazon.Runtime/Internal/Util/Logger.cs:174)
Amazon.Util.Internal.AmazonHookedPlatformInfo:Init() (at Assets/AWSSDK/src/Core/Amazon.Util/_unity/AmazonHookedPlatformInfo.cs:331)
Amazon.UnityInitializer:Awake() (at Assets/AWSSDK/src/Core/_unity/UnityInitializer.cs:87)
 
(Filename: Assets/AWSSDK/src/Core/Amazon.Runtime/Internal/Util/_unity/UnityDebugLogger.cs Line: 71)

locale = English
UnityEngine.Debug:Internal_Log(Int32, String, Object)
UnityEngine.Debug:Log(Object)
Amazon.Runtime.Internal.Util.UnityDebugLogger:DebugFormat(String, Object[]) (at Assets/AWSSDK/src/Core/Amazon.Runtime/Internal/Util/_unity/UnityDebugLogger.cs:71)
Amazon.Runtime.Internal.Util.Logger:DebugFormat(String, Object[]) (at Assets/AWSSDK/src/Core/Amazon.Runtime/Internal/Util/Logger.cs:174)
Amazon.Util.Internal.AmazonHookedPlatformInfo:Init() (at Assets/AWSSDK/src/Core/Amazon.Util/_unity/AmazonHookedPlatformInfo.cs:332)
Amazon.UnityInitializer:Awake() (at Assets/AWSSDK/src/Core/_unity/UnityInitializer.cs:87)
 
(Filename: Assets/AWSSDK/src/Core/Amazon.Runtime/Internal/Util/_unity/UnityDebugLogger.cs Line: 71)

Title = 
UnityEngine.Debug:Internal_Log(Int32, String, Object)
UnityEngine.Debug:Log(Object)
Amazon.Runtime.Internal.Util.UnityDebugLogger:DebugFormat(String, Object[]) (at Assets/AWSSDK/src/Core/Amazon.Runtime/Internal/Util/_unity/UnityDebugLogger.cs:71)
Amazon.Runtime.Internal.Util.Logger:DebugFormat(String, Object[]) (at Assets/AWSSDK/src/Core/Amazon.Runtime/Internal/Util/Logger.cs:174)
Amazon.Util.Internal.AmazonHookedPlatformInfo:Init() (at Assets/AWSSDK/src/Core/Amazon.Util/_unity/AmazonHookedPlatformInfo.cs:333)
Amazon.UnityInitializer:Awake() (at Assets/AWSSDK/src/Core/_unity/UnityInitializer.cs:87)
 
(Filename: Assets/AWSSDK/src/Core/Amazon.Runtime/Internal/Util/_unity/UnityDebugLogger.cs Line: 71)

Version Code = 
UnityEngine.Debug:Internal_Log(Int32, String, Object)
UnityEngine.Debug:Log(Object)
Amazon.Runtime.Internal.Util.UnityDebugLogger:DebugFormat(String, Object[]) (at Assets/AWSSDK/src/Core/Amazon.Runtime/Internal/Util/_unity/UnityDebugLogger.cs:71)
Amazon.Runtime.Internal.Util.Logger:DebugFormat(String, Object[]) (at Assets/AWSSDK/src/Core/Amazon.Runtime/Internal/Util/Logger.cs:174)
Amazon.Util.Internal.AmazonHookedPlatformInfo:Init() (at Assets/AWSSDK/src/Core/Amazon.Util/_unity/AmazonHookedPlatformInfo.cs:334)
Amazon.UnityInitializer:Awake() (at Assets/AWSSDK/src/Core/_unity/UnityInitializer.cs:87)
 
(Filename: Assets/AWSSDK/src/Core/Amazon.Runtime/Internal/Util/_unity/UnityDebugLogger.cs Line: 71)

Version Name = 
UnityEngine.Debug:Internal_Log(Int32, String, Object)
UnityEngine.Debug:Log(Object)
Amazon.Runtime.Internal.Util.UnityDebugLogger:DebugFormat(String, Object[]) (at Assets/AWSSDK/src/Core/Amazon.Runtime/Internal/Util/_unity/UnityDebugLogger.cs:71)
Amazon.Runtime.Internal.Util.Logger:DebugFormat(String, Object[]) (at Assets/AWSSDK/src/Core/Amazon.Runtime/Internal/Util/Logger.cs:174)
Amazon.Util.Internal.AmazonHookedPlatformInfo:Init() (at Assets/AWSSDK/src/Core/Amazon.Util/_unity/AmazonHookedPlatformInfo.cs:335)
Amazon.UnityInitializer:Awake() (at Assets/AWSSDK/src/Core/_unity/UnityInitializer.cs:87)
 
(Filename: Assets/AWSSDK/src/Core/Amazon.Runtime/Internal/Util/_unity/UnityDebugLogger.cs Line: 71)

Package Name = 
UnityEngine.Debug:Internal_Log(Int32, String, Object)
UnityEngine.Debug:Log(Object)
Amazon.Runtime.Internal.Util.UnityDebugLogger:DebugFormat(String, Object[]) (at Assets/AWSSDK/src/Core/Amazon.Runtime/Internal/Util/_unity/UnityDebugLogger.cs:71)
Amazon.Runtime.Internal.Util.Logger:DebugFormat(String, Object[]) (at Assets/AWSSDK/src/Core/Amazon.Runtime/Internal/Util/Logger.cs:174)
Amazon.Util.Internal.AmazonHookedPlatformInfo:Init() (at Assets/AWSSDK/src/Core/Amazon.Util/_unity/AmazonHookedPlatformInfo.cs:336)
Amazon.UnityInitializer:Awake() (at Assets/AWSSDK/src/Core/_unity/UnityInitializer.cs:87)
 
(Filename: Assets/AWSSDK/src/Core/Amazon.Runtime/Internal/Util/_unity/UnityDebugLogger.cs Line: 71)

Load scene 'Temp/__EditModeScene' time: 80.021378 ms 

Time before: 05/22/2015 15:41:32
UnityEngine.Debug:Internal_Log(Int32, String, Object)
UnityEngine.Debug:Log(Object)
TestAWS:Start() (at Assets/Scripts/TestAWS.cs:36)
 
(Filename: Assets/Scripts/TestAWS.cs Line: 36)

Refresh: detecting if any assets need to be imported or removed ... Refresh: elapses 0.004435 seconds (Nothing changed)
recieved successful response
UnityEngine.Debug:Internal_Log(Int32, String, Object)
UnityEngine.Debug:Log(Object)
Amazon.Runtime.Internal.Util.UnityDebugLogger:DebugFormat(String, Object[]) (at Assets/AWSSDK/src/Core/Amazon.Runtime/Internal/Util/_unity/UnityDebugLogger.cs:71)
Amazon.Runtime.Internal.Util.Logger:DebugFormat(String, Object[]) (at Assets/AWSSDK/src/Core/Amazon.Runtime/Internal/Util/Logger.cs:174)
Amazon.Runtime.Internal.Transform.UnityWebResponseData:.ctor(WWW) (at Assets/AWSSDK/src/Core/Amazon.Runtime/Internal/Transform/_unity/UnityWebResponseData.cs:55)
Amazon.Runtime.Internal.<InvokeRequest>c__Iterator3:MoveNext() (at Assets/AWSSDK/src/Core/Amazon.Runtime/Pipeline/_unity/UnityMainThreadDispatcher.cs:134)
 
(Filename: Assets/AWSSDK/src/Core/Amazon.Runtime/Internal/Util/_unity/UnityDebugLogger.cs Line: 71)

{"Credentials":{"AccessKeyId":.....}
UnityEngine.Debug:Internal_Log(Int32, String, Object)
UnityEngine.Debug:Log(Object)
Amazon.Runtime.Internal.Util.UnityDebugLogger:DebugFormat(String, Object[]) (at Assets/AWSSDK/src/Core/Amazon.Runtime/Internal/Util/_unity/UnityDebugLogger.cs:71)
Amazon.Runtime.Internal.Util.Logger:DebugFormat(String, Object[]) (at Assets/AWSSDK/src/Core/Amazon.Runtime/Internal/Util/Logger.cs:174)
Amazon.Runtime.Internal.Transform.UnityWebResponseData:.ctor(WWW) (at Assets/AWSSDK/src/Core/Amazon.Runtime/Internal/Transform/_unity/UnityWebResponseData.cs:65)
Amazon.Runtime.Internal.<InvokeRequest>c__Iterator3:MoveNext() (at Assets/AWSSDK/src/Core/Amazon.Runtime/Pipeline/_unity/UnityMainThreadDispatcher.cs:134)
 
(Filename: Assets/AWSSDK/src/Core/Amazon.Runtime/Internal/Util/_unity/UnityDebugLogger.cs Line: 71)

Status = HTTP/1.1 200 OK
UnityEngine.Debug:Internal_Log(Int32, String, Object)
UnityEngine.Debug:Log(Object)
Amazon.Runtime.Internal.Util.UnityDebugLogger:DebugFormat(String, Object[]) (at Assets/AWSSDK/src/Core/Amazon.Runtime/Internal/Util/_unity/UnityDebugLogger.cs:71)
Amazon.Runtime.Internal.Util.Logger:DebugFormat(String, Object[]) (at Assets/AWSSDK/src/Core/Amazon.Runtime/Internal/Util/Logger.cs:174)
Amazon.Runtime.Internal.Transform.UnityWebResponseData:.ctor(WWW) (at Assets/AWSSDK/src/Core/Amazon.Runtime/Internal/Transform/_unity/UnityWebResponseData.cs:81)
Amazon.Runtime.Internal.<InvokeRequest>c__Iterator3:MoveNext() (at Assets/AWSSDK/src/Core/Amazon.Runtime/Pipeline/_unity/UnityMainThreadDispatcher.cs:134)
 
(Filename: Assets/AWSSDK/src/Core/Amazon.Runtime/Internal/Util/_unity/UnityDebugLogger.cs Line: 71)

Received response: [{"Credentials":...."}]
 
(Filename: /Users/builduser/buildslave/unity/build/artifacts/generated/common/runtime/UnityEngineDebug.gen.cpp Line: 56)

Request metrics: {"properties":{"AsyncCall":"False","ServiceName":"Amazon.CognitoIdentity","ServiceEndpoint":"https://cognito-identity.us-east-1.amazonaws.com/","MethodName":"GetCredentialsForIdentityRequest","RequestSize":"63","StatusCode":"OK","BytesProcessed":"1064","AWSRequestID":"a5d26dbb-0090-11e5-8c20-6d399c198bcf"},"timings":{"HttpRequestTime":5433.732,"ResponseUnmarshallTime":5.535,"ResponseProcessingTime":7.763,"ClientExecuteTime":5468.388},"counters":{}}
 
(Filename: /Users/builduser/buildslave/unity/build/artifacts/generated/common/runtime/UnityEngineDebug.gen.cpp Line: 56)

Time after: 05/22/2015 15:41:37, duration: 00:00:05.5019740
UnityEngine.Debug:Internal_Log(Int32, String, Object)
UnityEngine.Debug:Log(Object)
<Start>c__AnonStorey56:<>m__80(AmazonCognitoIdentityResult`1) (at Assets/Scripts/TestAWS.cs:39)
Amazon.CognitoIdentity.<ExecuteAsync>c__AnonStorey1D`1:<>m__41() (at Assets/AWSSDK/src/Services/CognitoIdentity/Custom/_unity/CognitoIdentityAsyncExecutor.cs:55)
Amazon.Runtime.Internal.UnityMainThreadDispatcher:ProcessRequests() (at Assets/AWSSDK/src/Core/Amazon.Runtime/Pipeline/_unity/UnityMainThreadDispatcher.cs:88)
 
(Filename: Assets/Scripts/TestAWS.cs Line: 39)

Amazon.CognitoIdentity.AmazonCognitoIdentityResult`1[Amazon.Runtime.ImmutableCredentials]
UnityEngine.Debug:Internal_Log(Int32, String, Object)
UnityEngine.Debug:Log(Object)
<Start>c__AnonStorey56:<>m__80(AmazonCognitoIdentityResult`1) (at Assets/Scripts/TestAWS.cs:41)
Amazon.CognitoIdentity.<ExecuteAsync>c__AnonStorey1D`1:<>m__41() (at Assets/AWSSDK/src/Services/CognitoIdentity/Custom/_unity/CognitoIdentityAsyncExecutor.cs:55)
Amazon.Runtime.Internal.UnityMainThreadDispatcher:ProcessRequests() (at Assets/AWSSDK/src/Core/Amazon.Runtime/Pipeline/_unity/UnityMainThreadDispatcher.cs:88)
 
(Filename: Assets/Scripts/TestAWS.cs Line: 41)

Amazon.Runtime.ImmutableCredentials
UnityEngine.Debug:Internal_Log(Int32, String, Object)
UnityEngine.Debug:Log(Object)
<Start>c__AnonStorey56:<>m__80(AmazonCognitoIdentityResult`1) (at Assets/Scripts/TestAWS.cs:47)
Amazon.CognitoIdentity.<ExecuteAsync>c__AnonStorey1D`1:<>m__41() (at Assets/AWSSDK/src/Services/CognitoIdentity/Custom/_unity/CognitoIdentityAsyncExecutor.cs:55)
Amazon.Runtime.Internal.UnityMainThreadDispatcher:ProcessRequests() (at Assets/AWSSDK/src/Core/Amazon.Runtime/Pipeline/_unity/UnityMainThreadDispatcher.cs:88)
 
(Filename: Assets/Scripts/TestAWS.cs Line: 47)

us-east-1:e22...
UnityEngine.Debug:Internal_Log(Int32, String, Object)
UnityEngine.Debug:Log(Object)
<Start>c__AnonStorey56:<>m__80(AmazonCognitoIdentityResult`1) (at Assets/Scripts/TestAWS.cs:48)
Amazon.CognitoIdentity.<ExecuteAsync>c__AnonStorey1D`1:<>m__41() (at Assets/AWSSDK/src/Services/CognitoIdentity/Custom/_unity/CognitoIdentityAsyncExecutor.cs:55)
Amazon.Runtime.Internal.UnityMainThreadDispatcher:ProcessRequests() (at Assets/AWSSDK/src/Core/Amazon.Runtime/Pipeline/_unity/UnityMainThreadDispatcher.cs:88)
 
(Filename: Assets/Scripts/TestAWS.cs Line: 48)

 